  ApplyHillClimbing.cpp
C:\Users\Attyuttam Saha\Documents\Visual Studio 2019\Templates\ProjectTemplates\Visual C++ Project\TravellingSalesmanPSO\TravellingSalesmanPSO\ApplyHillClimbing.cpp(11): warning C4244: '+=': conversion from 'double' to 'float', possible loss of data
  TravellingSalesmanPSO.cpp
C:\Users\Attyuttam Saha\Documents\Visual Studio 2019\Templates\ProjectTemplates\Visual C++ Project\TravellingSalesmanPSO\TravellingSalesmanPSO\TravellingSalesmanPSO.cpp(9): warning C4244: 'argument': conversion from 'time_t' to 'unsigned int', possible loss of data
C:\Users\Attyuttam Saha\Documents\Visual Studio 2019\Templates\ProjectTemplates\Visual C++ Project\TravellingSalesmanPSO\TravellingSalesmanPSO\TravellingSalesmanPSO.cpp(28): warning C4244: 'argument': conversion from 'int' to 'float', possible loss of data
C:\Users\Attyuttam Saha\Documents\Visual Studio 2019\Templates\ProjectTemplates\Visual C++ Project\TravellingSalesmanPSO\TravellingSalesmanPSO\TravellingSalesmanPSO.cpp(54): warning C4244: 'argument': conversion from '_Ty2' to 'T', possible loss of data
          with
          [
              _Ty2=int
          ]
          and
          [
              T=float
          ]
C:\Users\Attyuttam Saha\Documents\Visual Studio 2019\Templates\ProjectTemplates\Visual C++ Project\TravellingSalesmanPSO\TravellingSalesmanPSO\TravellingSalesmanPSO.cpp(54): warning C4244: 'argument': conversion from '_Ty1' to 'T', possible loss of data
          with
          [
              _Ty1=int
          ]
          and
          [
              T=float
          ]
  Generating Code...
  TravellingSalesmanPSO.vcxproj -> C:\Users\Attyuttam Saha\Documents\Visual Studio 2019\Templates\ProjectTemplates\Visual C++ Project\TravellingSalesmanPSO\Debug\TravellingSalesmanPSO.exe
